<?xml version="1.0" encoding="UTF-8"?>
<!-- Generated by org.testng.reporters.JUnitReportReporter -->
<testsuite skipped="0" hostname="SAO-LT-190506E" name="MyPackage.Setup" tests="1" failures="0" timestamp="2020-03-04T19:32:00 CST" time="77.591" errors="0">
  <testcase name="exercise2" time="77.591" classname="MyPackage.Setup"/>
</testsuite> <!-- MyPackage.Setup -->
