<?xml version="1.0" encoding="UTF-8"?>
<!-- Generated by org.testng.reporters.JUnitReportReporter -->
<testsuite skipped="0" hostname="SAO-LT-190506E" name="MyPackage.Setup2" tests="1" failures="0" timestamp="2020-03-03T10:33:19 CST" time="4.183" errors="0">
  <testcase name="exercise2" time="4.183" classname="MyPackage.Setup2"/>
</testsuite> <!-- MyPackage.Setup2 -->
