<?xml version="1.0" encoding="UTF-8"?>
<!-- Generated by org.testng.reporters.JUnitReportReporter -->
<testsuite skipped="0" hostname="SAO-LT-190506E" name="MyPackage.Ex2" tests="1" failures="0" timestamp="2020-03-03T09:49:57 CST" time="67.266" errors="0">
  <testcase name="exercise2" time="67.266" classname="MyPackage.Ex2"/>
</testsuite> <!-- MyPackage.Ex2 -->
